<?xml version="1.0" encoding="UTF-8"?>
<testsuite name="org.reldb.toolbox.Placeholder" tests="1" skipped="0" failures="0" errors="0" timestamp="2021-09-22T20:39:14" hostname="Daves-MBP" time="0.013">
  <properties/>
  <testcase name="someLibraryMethodReturnsTrue()" classname="org.reldb.toolbox.Placeholder" time="0.013"/>
  <system-out><![CDATA[]]></system-out>
  <system-err><![CDATA[]]></system-err>
</testsuite>
